生成启动时间为 2017/5/30 15:36:30。
     1>项目“E:\OpenCv_lib\fellowing\BlockSnake\extract\extract.vcxproj”在节点 2 上(Build 个目标)。
     1>C:\Program Files (x86)\MSBuild\Microsoft.Cpp\v4.0\V120\Microsoft.CppBuild.targets(388,5): warning MSB8028: The intermediate directory (Release\) contains files shared from another project (CrossCorrelation.vcxproj).  This can lead to incorrect clean and rebuild behavior.
     1>ClCompile:
         D:\Visual Studio\VC\bin\CL.exe /c /Zi /nologo /W3 /WX- /sdl /O2 /Oi /Oy- /GL /D WIN32 /D NDEBUG /D _CONSOLE /D _LIB /D _UNICODE /D UNICODE /Gm- /EHsc /MD /GS /Gy /fp:precise /Zc:wchar_t /Zc:forScope /openmp /Fo"Release\\" /Fd"Release\vc120.pdb" /Gd /TP /analyze- /errorReport:prompt BlockSnake.cpp
         BlockSnake.cpp
     1>e:\opencv_lib\fellowing\blocksnake\extract\Snake.h(21): warning C4005: “PI”: 宏重定义
                 e:\opencv_lib\fellowing\blocksnake\extract\HyoidFind.h(23) : 参见“PI”的前一个定义
     1>BlockSnake.cpp(31): warning C4305: “参数”: 从“int”到“bool”截断
     1>BlockSnake.cpp(32): warning C4305: “参数”: 从“int”到“bool”截断
     1>BlockSnake.cpp(49): warning C4244: “参数”: 从“time_t”转换到“unsigned int”，可能丢失数据
       Link:
         D:\Visual Studio\VC\bin\link.exe /ERRORREPORT:PROMPT /OUT:"E:\OpenCv_lib\fellowing\BlockSnake\Release\BlockSnake.exe" /INCREMENTAL:NO /NOLOGO opencv_calib3d2411.lib opencv_contrib2411.lib opencv_core2411.lib opencv_features2d2411.lib opencv_flann2411.lib opencv_gpu2411.lib opencv_highgui2411.lib opencv_imgproc2411.lib opencv_legacy2411.lib opencv_ml2411.lib opencv_nonfree2411.lib opencv_objdetect2411.lib opencv_ocl2411.lib opencv_photo2411.lib opencv_stitching2411.lib opencv_superres2411.lib opencv_ts2411.lib opencv_video2411.lib opencv_videostab2411.lib kernel32.lib user32.lib gdi32.lib winspool.lib comdlg32.lib advapi32.lib shell32.lib ole32.lib oleaut32.lib uuid.lib odbc32.lib odbccp32.lib /MANIFEST /MANIFESTUAC:"level='asInvoker' uiAccess='false'" /manifest:embed /DEBUG /PDB:"E:\OpenCv_lib\fellowing\BlockSnake\Release\BlockSnake.pdb" /SUBSYSTEM:CONSOLE /OPT:REF /OPT:ICF /LTCG /TLBID:1 /DYNAMICBASE /NXCOMPAT /IMPLIB:"E:\OpenCv_lib\fellowing\BlockSnake\Release\BlockSnake.lib" /MACHINE:X86 /SAFESEH Release\BlockSnake.obj
         Release\HyoidFind.obj
         Release\Snake.obj
         正在生成代码
         已完成代码的生成
         extract.vcxproj -> E:\OpenCv_lib\fellowing\BlockSnake\Release\BlockSnake.exe
     1>已完成生成项目“E:\OpenCv_lib\fellowing\BlockSnake\extract\extract.vcxproj”(Build 个目标)的操作。

生成成功。

已用时间 00:00:01.80
